<?xml version="1.0" encoding="UTF-8"?>
<!-- Generated by org.testng.reporters.JUnitReportReporter -->
<testsuite hostname="ZSCHN01LP0345" failures="0" tests="6" name="runners.MyTestRunner" time="28.228" errors="0" timestamp="2024-02-19T14:06:47 IST" skipped="0">
  <testcase classname="runners.MyTestRunner" name="runScenario" time="2.833"/>
  <system-out/>
  <testcase classname="runners.MyTestRunner" name="runScenario" time="2.697"/>
  <system-out/>
  <testcase classname="runners.MyTestRunner" name="runScenario" time="2.678"/>
  <system-out/>
  <testcase classname="runners.MyTestRunner" name="runScenario" time="2.929"/>
  <system-out/>
  <testcase classname="runners.MyTestRunner" name="runScenario" time="2.193"/>
  <system-out/>
  <testcase classname="runners.MyTestRunner" name="runScenario" time="14.898"/>
  <system-out/>
</testsuite> <!-- runners.MyTestRunner -->
