<?xml version="1.0" encoding="UTF-8"?>
<!-- Generated by org.testng.reporters.JUnitReportReporter -->
<testsuite hostname="ZSCHN01LP0345" failures="0" tests="6" name="runners.MyTestRunner" time="11.438" errors="0" timestamp="2024-02-19T14:32:26 IST" skipped="0">
  <testcase classname="runners.MyTestRunner" name="runScenario" time="0.905"/>
  <system-out/>
  <testcase classname="runners.MyTestRunner" name="runScenario" time="1.667"/>
  <system-out/>
  <testcase classname="runners.MyTestRunner" name="runScenario" time="1.302"/>
  <system-out/>
  <testcase classname="runners.MyTestRunner" name="runScenario" time="1.279"/>
  <system-out/>
  <testcase classname="runners.MyTestRunner" name="runScenario" time="0.975"/>
  <system-out/>
  <testcase classname="runners.MyTestRunner" name="runScenario" time="5.310"/>
  <system-out/>
</testsuite> <!-- runners.MyTestRunner -->
