<?xml version="1.0" encoding="UTF-8"?>
<!-- Generated by org.testng.reporters.JUnitReportReporter -->
<testsuite hostname="ZSCHN01LP0345" failures="0" tests="6" name="runners.MyTestRunner" time="22.763" errors="0" timestamp="2024-02-19T09:58:54 IST" skipped="0">
  <testcase classname="runners.MyTestRunner" name="runScenario" time="1.399"/>
  <system-out/>
  <testcase classname="runners.MyTestRunner" name="runScenario" time="1.758"/>
  <system-out/>
  <testcase classname="runners.MyTestRunner" name="runScenario" time="1.986"/>
  <system-out/>
  <testcase classname="runners.MyTestRunner" name="runScenario" time="2.124"/>
  <system-out/>
  <testcase classname="runners.MyTestRunner" name="runScenario" time="1.495"/>
  <system-out/>
  <testcase classname="runners.MyTestRunner" name="runScenario" time="14.001"/>
  <system-out/>
</testsuite> <!-- runners.MyTestRunner -->
